<?xml version="1.0" encoding="UTF-8"?>
<testsuite failures="0" tests="8" errors="0" name="Tests" skip="0">
<testcase classname="Tests.Test.HelloWorld" name="HelloWorld" time="0">
</testcase>
<testcase classname="Tests.Test.TestDebugSetup" name="Test Debug Setup Index" time="7">
</testcase>
<testcase classname="Tests.Test.TestDebugSetup" name="Test Debug Setup Swagger" time="3">
</testcase>
<testcase classname="Tests.Test.TestDebugSetup" name="Test Debug Setup PhpMyAdmin" time="3">
</testcase>
<testcase classname="Tests.Test.TestServiceBackend" name="Test Service Index Todos Unhappy1" time="0">
</testcase>
<testcase classname="Tests.Test.TestServiceBackend" name="Test Service Index Todos Unhappy2" time="0">
</testcase>
<testcase classname="Tests.Test.TestServiceBackend" name="Test Service Index Todos Happy" time="0">
</testcase>
<testcase classname="Tests.Test.TestServiceFrontend" name="Test Service Index Todos" time="2">
</testcase>
</testsuite>
